[debug] ----------------------------------------------------------------------
[debug] Command:      /usr/local/google/home/stephenfluin/.nvm/versions/node/v7.6.0/bin/node /usr/local/google/home/stephenfluin/.nvm/versions/node/v7.6.0/bin/firebase deploy --only functions
[debug] CLI Version:  3.6.1-fhcf.2
[debug] Platform:     linux
[debug] Node Version: v7.6.0
[debug] Time:         Fri Apr 28 2017 13:16:37 GMT-0700 (PDT)
[debug] ----------------------------------------------------------------------
[debug] 
[debug] > command requires scopes: ["email","openid","https://www.googleapis.com/auth/cloudplatformprojects.readonly","https://www.googleapis.com/auth/firebase","https://www.googleapis.com/auth/cloud-platform"]
[debug] >>> HTTP REQUEST GET https://staging-admin.firebase.com/v1/projects/angular-on-the-server  
 Fri Apr 28 2017 13:16:37 GMT-0700 (PDT)
[debug] <<< HTTP RESPONSE 200
[debug] >>> HTTP REQUEST GET https://staging-admin.firebase.com/v1/database/angular-on-the-server/tokens  
 Fri Apr 28 2017 13:16:37 GMT-0700 (PDT)
[debug] <<< HTTP RESPONSE 200
[info] 
[info] === Deploying to 'angular-on-the-server'...
[info] 
[info] i  deploying functions
[debug] > [functions] package.json contents: {
  "name": "functions",
  "description": "Cloud Functions for Firebase",
  "dependencies": {
    "@angular/animations": "^4.1.0",
    "@angular/common": "^4.1.0",
    "@angular/compiler": "^4.1.0",
    "@angular/compiler-cli": "^4.1.0",
    "@angular/core": "^4.1.0",
    "@angular/forms": "^4.1.0",
    "@angular/http": "^4.1.0",
    "@angular/platform-browser": "^4.1.0",
    "@angular/platform-browser-dynamic": "^4.1.0",
    "@angular/router": "^4.1.0",
    "firebase-admin": "~4.1.2",
    "firebase-functions": "^0.5",
    "rxjs": "^5.3.0"
  },
  "private": true
}
[info] i  functions: ensuring necessary APIs are enabled...
[info] i  runtimeconfig: ensuring necessary APIs are enabled...
[debug] >>> HTTP REQUEST GET https://servicemanagement.googleapis.com/v1/services/cloudfunctions.googleapis.com/projectSettings/angular-on-the-server?view=CONSUMER_VIEW  
 Fri Apr 28 2017 13:16:38 GMT-0700 (PDT)
[debug] >>> HTTP REQUEST GET https://servicemanagement.googleapis.com/v1/services/runtimeconfig.googleapis.com/projectSettings/angular-on-the-server?view=CONSUMER_VIEW  
 Fri Apr 28 2017 13:16:38 GMT-0700 (PDT)
[debug] <<< HTTP RESPONSE 200
[info] ✔  functions: all necessary APIs are enabled
[debug] <<< HTTP RESPONSE 200
[info] ✔  runtimeconfig: all necessary APIs are enabled
[debug] >>> HTTP REQUEST GET https://appengine.googleapis.com/v1/apps/angular-on-the-server  
 Fri Apr 28 2017 13:16:39 GMT-0700 (PDT)
[debug] >>> HTTP REQUEST GET https://apikeys.googleapis.com/v1/projects/angular-on-the-server/apiKeys  
 Fri Apr 28 2017 13:16:39 GMT-0700 (PDT)
[debug] <<< HTTP RESPONSE 200
[debug] <<< HTTP RESPONSE 200
[info] i  functions: preparing functions directory for uploading...
[debug] >>> HTTP REQUEST GET https://runtimeconfig.googleapis.com/v1beta1/projects/angular-on-the-server/configs  
 Fri Apr 28 2017 13:16:40 GMT-0700 (PDT)
[debug] <<< HTTP RESPONSE 200
[debug] > [functions] runtime config materialized as: {
  "firebase": {
    "databaseURL": "https://angular-on-the-server.firebaseio.com",
    "storageBucket": "angular-on-the-server.appspot.com",
    "apiKey": "AIzaSyD_sJyYDzCv1-88RR8InOnSfa5MDUnaGCY",
    "authDomain": "angular-on-the-server.firebaseapp.com"
  }
}
[debug] > [functions] parsed triggers: [
  {
    "httpsTrigger": {},
    "name": "helloWorld",
    "entryPoint": "helloWorld"
  },
  {
    "httpsTrigger": {},
    "name": "angular",
    "entryPoint": "angular"
  },
  {
    "httpsTrigger": {},
    "name": "reverseString",
    "entryPoint": "reverseString"
  }
]
[info] i  functions: packaged functions (1.6 KB) for uploading
[debug] >>> HTTP REQUEST GET https://www.googleapis.com/storage/v1/b/staging.angular-on-the-server.appspot.com  
 Fri Apr 28 2017 13:16:41 GMT-0700 (PDT)
[debug] <<< HTTP RESPONSE 200
[debug] >>> HTTP REQUEST POST https://www.googleapis.com/upload/storage/v1/b/staging.angular-on-the-server.appspot.com/o?uploadType=media&name=firebase-functions-source ReadStream {
  _readableState: 
   ReadableState {
     objectMode: false,
     highWaterMark: 65536,
     buffer: BufferList { head: [Object], tail: [Object], length: 1 },
     length: 1643,
     pipes: null,
     pipesCount: 0,
     flowing: null,
     ended: true,
     endEmitted: false,
     reading: false,
     sync: false,
     needReadable: false,
     emittedReadable: true,
     readableListening: false,
     resumeScheduled: false,
     defaultEncoding: 'utf8',
     ranOut: false,
     awaitDrain: 0,
     readingMore: false,
     decoder: null,
     encoding: null },
  readable: true,
  domain: null,
  _events: { end: [Function] },
  _eventsCount: 1,
  _maxListeners: undefined,
  path: '/tmp/firebase-functions-133690dRtAYBnLUTuK.zip',
  fd: 15,
  flags: 'r',
  mode: 438,
  start: undefined,
  end: undefined,
  autoClose: true,
  pos: undefined,
  bytesRead: 1643 } 
 Fri Apr 28 2017 13:16:41 GMT-0700 (PDT)
[debug] <<< HTTP RESPONSE 200
[info] ✔  functions: functions folder uploaded successfully
[info] i  starting release process (may take several minutes)...
[debug] >>> HTTP REQUEST GET https://cloudfunctions.googleapis.com/v1beta2/projects/angular-on-the-server/locations/us-central1/functions  
 Fri Apr 28 2017 13:16:42 GMT-0700 (PDT)
[debug] <<< HTTP RESPONSE 200
[info] i  functions: creating function angular...
[debug] Trigger is: 
[info] i  functions: updating function helloWorld...
[debug] Trigger is: 
[info] i  functions: updating function reverseString...
[debug] Trigger is: 
[debug] >>> HTTP REQUEST POST https://cloudfunctions.googleapis.com/v1beta2/projects/angular-on-the-server/locations/us-central1/functions { sourceArchiveUrl: 'gs://staging.angular-on-the-server.appspot.com/firebase-functions-source',
  name: 'projects/angular-on-the-server/locations/us-central1/functions/angular',
  entryPoint: 'angular',
  httpsTrigger: {} } 
 Fri Apr 28 2017 13:16:42 GMT-0700 (PDT)
[debug] >>> HTTP REQUEST PUT https://cloudfunctions.googleapis.com/v1beta2/projects/angular-on-the-server/locations/us-central1/functions/helloWorld { sourceArchiveUrl: 'gs://staging.angular-on-the-server.appspot.com/firebase-functions-source',
  name: 'projects/angular-on-the-server/locations/us-central1/functions/helloWorld',
  entryPoint: 'helloWorld',
  timeout: '60s',
  availableMemoryMb: 256,
  httpsTrigger: {} } 
 Fri Apr 28 2017 13:16:42 GMT-0700 (PDT)
[debug] >>> HTTP REQUEST PUT https://cloudfunctions.googleapis.com/v1beta2/projects/angular-on-the-server/locations/us-central1/functions/reverseString { sourceArchiveUrl: 'gs://staging.angular-on-the-server.appspot.com/firebase-functions-source',
  name: 'projects/angular-on-the-server/locations/us-central1/functions/reverseString',
  entryPoint: 'reverseString',
  timeout: '60s',
  availableMemoryMb: 256,
  httpsTrigger: {} } 
 Fri Apr 28 2017 13:16:42 GMT-0700 (PDT)
[debug] <<< HTTP RESPONSE 200
[debug] <<< HTTP RESPONSE 200
[debug] <<< HTTP RESPONSE 200
[debug] >>> HTTP REQUEST GET https://cloudfunctions.googleapis.com/v1beta2/projects/angular-on-the-server/locations/us-central1/functions  
 Fri Apr 28 2017 13:16:42 GMT-0700 (PDT)
[debug] >>> HTTP REQUEST GET https://cloudfunctions.googleapis.com/v1beta2/operations/YW5ndWxhci1vbi10aGUtc2VydmVyL3VzLWNlbnRyYWwxL2FuZ3VsYXIvTFVkaDV4X1ZQeFk  
 Fri Apr 28 2017 13:16:42 GMT-0700 (PDT)
[debug] >>> HTTP REQUEST GET https://cloudfunctions.googleapis.com/v1beta2/operations/YW5ndWxhci1vbi10aGUtc2VydmVyL3VzLWNlbnRyYWwxL2hlbGxvV29ybGQvcjE3aGs3R1phWUU  
 Fri Apr 28 2017 13:16:42 GMT-0700 (PDT)
[debug] >>> HTTP REQUEST GET https://cloudfunctions.googleapis.com/v1beta2/operations/YW5ndWxhci1vbi10aGUtc2VydmVyL3VzLWNlbnRyYWwxL3JldmVyc2VTdHJpbmcvWHJSTHZ4ODNFNE0  
 Fri Apr 28 2017 13:16:42 GMT-0700 (PDT)
[debug] <<< HTTP RESPONSE 200
[debug] <<< HTTP RESPONSE 200
[debug] <<< HTTP RESPONSE 200
[debug] <<< HTTP RESPONSE 200
[debug] [functions] operation poll: angular: create operations/YW5ndWxhci1vbi10aGUtc2VydmVyL3VzLWNlbnRyYWwxL2FuZ3VsYXIvTFVkaDV4X1ZQeFk is not done.
[debug] [functions] operation poll: helloWorld: update operations/YW5ndWxhci1vbi10aGUtc2VydmVyL3VzLWNlbnRyYWwxL2hlbGxvV29ybGQvcjE3aGs3R1phWUU is not done.
[debug] [functions] operation poll: reverseString: update operations/YW5ndWxhci1vbi10aGUtc2VydmVyL3VzLWNlbnRyYWwxL3JldmVyc2VTdHJpbmcvWHJSTHZ4ODNFNE0 is not done.
[debug] >>> HTTP REQUEST GET https://cloudfunctions.googleapis.com/v1beta2/operations/YW5ndWxhci1vbi10aGUtc2VydmVyL3VzLWNlbnRyYWwxL2FuZ3VsYXIvTFVkaDV4X1ZQeFk  
 Fri Apr 28 2017 13:16:48 GMT-0700 (PDT)
[debug] >>> HTTP REQUEST GET https://cloudfunctions.googleapis.com/v1beta2/operations/YW5ndWxhci1vbi10aGUtc2VydmVyL3VzLWNlbnRyYWwxL2hlbGxvV29ybGQvcjE3aGs3R1phWUU  
 Fri Apr 28 2017 13:16:48 GMT-0700 (PDT)
[debug] >>> HTTP REQUEST GET https://cloudfunctions.googleapis.com/v1beta2/operations/YW5ndWxhci1vbi10aGUtc2VydmVyL3VzLWNlbnRyYWwxL3JldmVyc2VTdHJpbmcvWHJSTHZ4ODNFNE0  
 Fri Apr 28 2017 13:16:48 GMT-0700 (PDT)
[debug] <<< HTTP RESPONSE 200
[debug] <<< HTTP RESPONSE 200
[debug] <<< HTTP RESPONSE 200
[debug] [functions] operation poll: angular: create operations/YW5ndWxhci1vbi10aGUtc2VydmVyL3VzLWNlbnRyYWwxL2FuZ3VsYXIvTFVkaDV4X1ZQeFk is not done.
[debug] [functions] operation poll: helloWorld: update operations/YW5ndWxhci1vbi10aGUtc2VydmVyL3VzLWNlbnRyYWwxL2hlbGxvV29ybGQvcjE3aGs3R1phWUU is not done.
[debug] [functions] operation poll: reverseString: update operations/YW5ndWxhci1vbi10aGUtc2VydmVyL3VzLWNlbnRyYWwxL3JldmVyc2VTdHJpbmcvWHJSTHZ4ODNFNE0 is not done.
[debug] >>> HTTP REQUEST GET https://cloudfunctions.googleapis.com/v1beta2/operations/YW5ndWxhci1vbi10aGUtc2VydmVyL3VzLWNlbnRyYWwxL2FuZ3VsYXIvTFVkaDV4X1ZQeFk  
 Fri Apr 28 2017 13:16:53 GMT-0700 (PDT)
[debug] >>> HTTP REQUEST GET https://cloudfunctions.googleapis.com/v1beta2/operations/YW5ndWxhci1vbi10aGUtc2VydmVyL3VzLWNlbnRyYWwxL2hlbGxvV29ybGQvcjE3aGs3R1phWUU  
 Fri Apr 28 2017 13:16:53 GMT-0700 (PDT)
[debug] >>> HTTP REQUEST GET https://cloudfunctions.googleapis.com/v1beta2/operations/YW5ndWxhci1vbi10aGUtc2VydmVyL3VzLWNlbnRyYWwxL3JldmVyc2VTdHJpbmcvWHJSTHZ4ODNFNE0  
 Fri Apr 28 2017 13:16:53 GMT-0700 (PDT)
[debug] <<< HTTP RESPONSE 200
[debug] <<< HTTP RESPONSE 200
[debug] <<< HTTP RESPONSE 200
[debug] [functions] operation poll: angular: create operations/YW5ndWxhci1vbi10aGUtc2VydmVyL3VzLWNlbnRyYWwxL2FuZ3VsYXIvTFVkaDV4X1ZQeFk is not done.
[debug] [functions] operation poll: helloWorld: update operations/YW5ndWxhci1vbi10aGUtc2VydmVyL3VzLWNlbnRyYWwxL2hlbGxvV29ybGQvcjE3aGs3R1phWUU is not done.
[debug] [functions] operation poll: reverseString: update operations/YW5ndWxhci1vbi10aGUtc2VydmVyL3VzLWNlbnRyYWwxL3JldmVyc2VTdHJpbmcvWHJSTHZ4ODNFNE0 is not done.
[debug] >>> HTTP REQUEST GET https://cloudfunctions.googleapis.com/v1beta2/operations/YW5ndWxhci1vbi10aGUtc2VydmVyL3VzLWNlbnRyYWwxL2FuZ3VsYXIvTFVkaDV4X1ZQeFk  
 Fri Apr 28 2017 13:16:58 GMT-0700 (PDT)
[debug] >>> HTTP REQUEST GET https://cloudfunctions.googleapis.com/v1beta2/operations/YW5ndWxhci1vbi10aGUtc2VydmVyL3VzLWNlbnRyYWwxL2hlbGxvV29ybGQvcjE3aGs3R1phWUU  
 Fri Apr 28 2017 13:16:58 GMT-0700 (PDT)
[debug] >>> HTTP REQUEST GET https://cloudfunctions.googleapis.com/v1beta2/operations/YW5ndWxhci1vbi10aGUtc2VydmVyL3VzLWNlbnRyYWwxL3JldmVyc2VTdHJpbmcvWHJSTHZ4ODNFNE0  
 Fri Apr 28 2017 13:16:58 GMT-0700 (PDT)
[debug] <<< HTTP RESPONSE 200
[debug] <<< HTTP RESPONSE 200
[debug] <<< HTTP RESPONSE 200
[debug] [functions] operation poll: angular: create operations/YW5ndWxhci1vbi10aGUtc2VydmVyL3VzLWNlbnRyYWwxL2FuZ3VsYXIvTFVkaDV4X1ZQeFk is not done.
[debug] [functions] operation poll: helloWorld: update operations/YW5ndWxhci1vbi10aGUtc2VydmVyL3VzLWNlbnRyYWwxL2hlbGxvV29ybGQvcjE3aGs3R1phWUU is not done.
[debug] [functions] operation poll: reverseString: update operations/YW5ndWxhci1vbi10aGUtc2VydmVyL3VzLWNlbnRyYWwxL3JldmVyc2VTdHJpbmcvWHJSTHZ4ODNFNE0 is not done.
[debug] >>> HTTP REQUEST GET https://cloudfunctions.googleapis.com/v1beta2/operations/YW5ndWxhci1vbi10aGUtc2VydmVyL3VzLWNlbnRyYWwxL2FuZ3VsYXIvTFVkaDV4X1ZQeFk  
 Fri Apr 28 2017 13:17:04 GMT-0700 (PDT)
[debug] >>> HTTP REQUEST GET https://cloudfunctions.googleapis.com/v1beta2/operations/YW5ndWxhci1vbi10aGUtc2VydmVyL3VzLWNlbnRyYWwxL2hlbGxvV29ybGQvcjE3aGs3R1phWUU  
 Fri Apr 28 2017 13:17:04 GMT-0700 (PDT)
[debug] >>> HTTP REQUEST GET https://cloudfunctions.googleapis.com/v1beta2/operations/YW5ndWxhci1vbi10aGUtc2VydmVyL3VzLWNlbnRyYWwxL3JldmVyc2VTdHJpbmcvWHJSTHZ4ODNFNE0  
 Fri Apr 28 2017 13:17:04 GMT-0700 (PDT)
[debug] <<< HTTP RESPONSE 200
[debug] <<< HTTP RESPONSE 200
[debug] <<< HTTP RESPONSE 200
[debug] [functions] operation poll: angular: create operations/YW5ndWxhci1vbi10aGUtc2VydmVyL3VzLWNlbnRyYWwxL2FuZ3VsYXIvTFVkaDV4X1ZQeFk is not done.
[debug] [functions] operation poll: helloWorld: update operations/YW5ndWxhci1vbi10aGUtc2VydmVyL3VzLWNlbnRyYWwxL2hlbGxvV29ybGQvcjE3aGs3R1phWUU is not done.
[debug] [functions] operation poll: reverseString: update operations/YW5ndWxhci1vbi10aGUtc2VydmVyL3VzLWNlbnRyYWwxL3JldmVyc2VTdHJpbmcvWHJSTHZ4ODNFNE0 is not done.
[debug] >>> HTTP REQUEST GET https://cloudfunctions.googleapis.com/v1beta2/operations/YW5ndWxhci1vbi10aGUtc2VydmVyL3VzLWNlbnRyYWwxL2FuZ3VsYXIvTFVkaDV4X1ZQeFk  
 Fri Apr 28 2017 13:17:09 GMT-0700 (PDT)
[debug] >>> HTTP REQUEST GET https://cloudfunctions.googleapis.com/v1beta2/operations/YW5ndWxhci1vbi10aGUtc2VydmVyL3VzLWNlbnRyYWwxL2hlbGxvV29ybGQvcjE3aGs3R1phWUU  
 Fri Apr 28 2017 13:17:09 GMT-0700 (PDT)
[debug] >>> HTTP REQUEST GET https://cloudfunctions.googleapis.com/v1beta2/operations/YW5ndWxhci1vbi10aGUtc2VydmVyL3VzLWNlbnRyYWwxL3JldmVyc2VTdHJpbmcvWHJSTHZ4ODNFNE0  
 Fri Apr 28 2017 13:17:09 GMT-0700 (PDT)
[debug] <<< HTTP RESPONSE 200
[debug] <<< HTTP RESPONSE 200
[debug] <<< HTTP RESPONSE 200
[debug] [functions] operation poll: angular: create operations/YW5ndWxhci1vbi10aGUtc2VydmVyL3VzLWNlbnRyYWwxL2FuZ3VsYXIvTFVkaDV4X1ZQeFk is not done.
[debug] [functions] operation poll: helloWorld: update operations/YW5ndWxhci1vbi10aGUtc2VydmVyL3VzLWNlbnRyYWwxL2hlbGxvV29ybGQvcjE3aGs3R1phWUU is not done.
[debug] [functions] operation poll: reverseString: update operations/YW5ndWxhci1vbi10aGUtc2VydmVyL3VzLWNlbnRyYWwxL3JldmVyc2VTdHJpbmcvWHJSTHZ4ODNFNE0 is not done.
[debug] >>> HTTP REQUEST GET https://cloudfunctions.googleapis.com/v1beta2/operations/YW5ndWxhci1vbi10aGUtc2VydmVyL3VzLWNlbnRyYWwxL2FuZ3VsYXIvTFVkaDV4X1ZQeFk  
 Fri Apr 28 2017 13:17:14 GMT-0700 (PDT)
[debug] >>> HTTP REQUEST GET https://cloudfunctions.googleapis.com/v1beta2/operations/YW5ndWxhci1vbi10aGUtc2VydmVyL3VzLWNlbnRyYWwxL2hlbGxvV29ybGQvcjE3aGs3R1phWUU  
 Fri Apr 28 2017 13:17:14 GMT-0700 (PDT)
[debug] >>> HTTP REQUEST GET https://cloudfunctions.googleapis.com/v1beta2/operations/YW5ndWxhci1vbi10aGUtc2VydmVyL3VzLWNlbnRyYWwxL3JldmVyc2VTdHJpbmcvWHJSTHZ4ODNFNE0  
 Fri Apr 28 2017 13:17:14 GMT-0700 (PDT)
[debug] <<< HTTP RESPONSE 200
[debug] <<< HTTP RESPONSE 200
[debug] <<< HTTP RESPONSE 200
[debug] [functions] operation poll: angular: create operations/YW5ndWxhci1vbi10aGUtc2VydmVyL3VzLWNlbnRyYWwxL2FuZ3VsYXIvTFVkaDV4X1ZQeFk is not done.
[debug] [functions] operation poll: helloWorld: update operations/YW5ndWxhci1vbi10aGUtc2VydmVyL3VzLWNlbnRyYWwxL2hlbGxvV29ybGQvcjE3aGs3R1phWUU is done.
[debug] [functions] operation poll: reverseString: update operations/YW5ndWxhci1vbi10aGUtc2VydmVyL3VzLWNlbnRyYWwxL3JldmVyc2VTdHJpbmcvWHJSTHZ4ODNFNE0 is done.
[debug] >>> HTTP REQUEST GET https://cloudfunctions.googleapis.com/v1beta2/operations/YW5ndWxhci1vbi10aGUtc2VydmVyL3VzLWNlbnRyYWwxL2FuZ3VsYXIvTFVkaDV4X1ZQeFk  
 Fri Apr 28 2017 13:17:20 GMT-0700 (PDT)
[debug] <<< HTTP RESPONSE 200
[debug] [functions] operation poll: angular: create operations/YW5ndWxhci1vbi10aGUtc2VydmVyL3VzLWNlbnRyYWwxL2FuZ3VsYXIvTFVkaDV4X1ZQeFk is not done.
[debug] >>> HTTP REQUEST GET https://cloudfunctions.googleapis.com/v1beta2/operations/YW5ndWxhci1vbi10aGUtc2VydmVyL3VzLWNlbnRyYWwxL2FuZ3VsYXIvTFVkaDV4X1ZQeFk  
 Fri Apr 28 2017 13:17:25 GMT-0700 (PDT)
[debug] <<< HTTP RESPONSE 200
[debug] [functions] operation poll: angular: create operations/YW5ndWxhci1vbi10aGUtc2VydmVyL3VzLWNlbnRyYWwxL2FuZ3VsYXIvTFVkaDV4X1ZQeFk is not done.
[debug] >>> HTTP REQUEST GET https://cloudfunctions.googleapis.com/v1beta2/operations/YW5ndWxhci1vbi10aGUtc2VydmVyL3VzLWNlbnRyYWwxL2FuZ3VsYXIvTFVkaDV4X1ZQeFk  
 Fri Apr 28 2017 13:17:30 GMT-0700 (PDT)
[debug] <<< HTTP RESPONSE 200
[debug] [functions] operation poll: angular: create operations/YW5ndWxhci1vbi10aGUtc2VydmVyL3VzLWNlbnRyYWwxL2FuZ3VsYXIvTFVkaDV4X1ZQeFk is not done.
